<?xml version="1.0" encoding="UTF-8"?>
<!-- Generated by org.testng.reporters.JUnitReportReporter -->
<testsuite hostname="DESKTOP-JOKRND9" failures="0" tests="1" name="com.TestComponent.Tc_006_Payment" time="41.906" errors="0" timestamp="2023-06-20T01:05:39 IST" skipped="0">
  <testcase classname="com.TestComponent.Tc_006_Payment" name="payment_validation" time="41.906"/>
  <system-out/>
</testsuite> <!-- com.TestComponent.Tc_006_Payment -->
