<?xml version="1.0" encoding="UTF-8"?>
<!-- Generated by org.testng.reporters.JUnitReportReporter -->
<testsuite hostname="DESKTOP-JOKRND9" failures="0" tests="1" name="com.TestComponent.Tc_001_SignUp" time="75.654" errors="0" timestamp="2023-06-19T12:03:01 IST" skipped="0">
  <testcase classname="com.TestComponent.Tc_001_SignUp" name="Valid_credentials" time="75.654"/>
  <system-out/>
</testsuite> <!-- com.TestComponent.Tc_001_SignUp -->
