<?xml version="1.0" encoding="UTF-8"?>
<!-- Generated by org.testng.reporters.JUnitReportReporter -->
<testsuite hostname="DESKTOP-JOKRND9" failures="0" tests="2" name="com.TestComponent.Tc_002_SearchFlights" time="27.431" errors="0" timestamp="2023-06-20T00:44:19 IST" skipped="0">
  <testcase classname="com.TestComponent.Tc_002_SearchFlights" name="search_flights_Oneway" time="13.611"/>
  <system-out/>
  <testcase classname="com.TestComponent.Tc_002_SearchFlights" name="search_flights_Roundtrip" time="13.820"/>
  <system-out/>
</testsuite> <!-- com.TestComponent.Tc_002_SearchFlights -->
