<?xml version="1.0" encoding="UTF-8"?>
<!-- Generated by org.testng.reporters.JUnitReportReporter -->
<testsuite hostname="DESKTOP-JOKRND9" failures="0" tests="3" name="com.TestComponent.Tc_004_LoginPage" time="64.693" errors="0" timestamp="2023-06-18T23:31:03 IST" skipped="0">
  <testcase classname="com.TestComponent.Tc_004_LoginPage" name="blank_Username_Password" time="15.560"/>
  <system-out/>
  <testcase classname="com.TestComponent.Tc_004_LoginPage" name="valid_username_Password" time="30.887"/>
  <system-out/>
  <testcase classname="com.TestComponent.Tc_004_LoginPage" name="inValidUsername_InvalidPassword" time="18.246"/>
  <system-out/>
</testsuite> <!-- com.TestComponent.Tc_004_LoginPage -->
