<?xml version="1.0" encoding="UTF-8"?>
<!-- Generated by org.testng.reporters.JUnitReportReporter -->
<testsuite hostname="DESKTOP-JOKRND9" failures="0" tests="1" name="com.TestComponent.Tc_002_SearchFlights" time="43.046" errors="0" timestamp="2023-06-19T11:53:28 IST" skipped="0">
  <testcase classname="com.TestComponent.Tc_002_SearchFlights" name="search_flights" time="43.046"/>
  <system-out/>
</testsuite> <!-- com.TestComponent.Tc_002_SearchFlights -->
