<?xml version="1.0" encoding="UTF-8"?>
<!-- Generated by org.testng.reporters.JUnitReportReporter -->
<testsuite hostname="DESKTOP-JOKRND9" failures="0" tests="1" name="com.TestComponent.Tc_005_BookingPage" time="73.596" errors="0" timestamp="2023-06-19T17:14:19 IST" skipped="0">
  <testcase classname="com.TestComponent.Tc_005_BookingPage" name="booking_validation" time="73.596"/>
  <system-out/>
</testsuite> <!-- com.TestComponent.Tc_005_BookingPage -->
