<?xml version="1.0" encoding="UTF-8"?>
<!-- Generated by org.testng.reporters.JUnitReportReporter -->
<testsuite hostname="DESKTOP-JOKRND9" failures="0" tests="1" name="com.TestComponent.Tc_003_HomePage" time="10.121" errors="0" timestamp="2023-06-17T23:35:18 IST" skipped="0">
  <testcase classname="com.TestComponent.Tc_003_HomePage" name="field_Validation" time="10.121"/>
  <system-out/>
</testsuite> <!-- com.TestComponent.Tc_003_HomePage -->
